2013-11-05 21:04:36,147 - QQ - INFO - suspended id: 2175775152
2013-11-05 21:05:22,099 - QQ - INFO - suspended id: 2169749601
2013-11-05 21:14:27,503 - QQ - INFO - health: 100
2013-11-05 21:14:43,160 - QQ - INFO - realty: 100
2013-11-05 21:14:58,756 - QQ - INFO - mortgage: 100
2013-11-05 21:15:14,358 - QQ - INFO - fast: 99
2013-11-05 21:15:30,101 - QQ - INFO - offer: 99
2013-11-05 21:15:45,753 - QQ - INFO - check: 100
2013-11-05 21:16:01,351 - QQ - INFO - easy: 98
2013-11-05 21:16:16,946 - QQ - INFO - online: 97
2013-11-05 21:16:32,572 - QQ - INFO - real estate: 100
2013-11-05 21:16:48,361 - QQ - INFO - finance: 99
2013-11-05 21:17:04,042 - QQ - INFO - money: 100
2013-11-05 21:17:19,674 - QQ - INFO - airline: 100
2013-11-05 21:17:35,345 - QQ - INFO - download: 100
2013-11-05 21:17:50,907 - QQ - INFO - adult: 98
2013-11-05 21:18:06,539 - QQ - INFO - sex: 97
2013-11-05 21:18:22,242 - QQ - INFO - music: 99
2013-11-05 21:18:37,831 - QQ - INFO - game: 99
2013-11-05 21:18:46,687 - QQ - INFO - suspended id: 2175775152
2013-11-05 21:18:53,667 - QQ - INFO - following: 98
2013-11-05 21:19:09,447 - QQ - INFO - sell: 100
2013-11-05 21:19:25,210 - QQ - INFO - buy: 97
2013-11-05 21:19:32,395 - QQ - INFO - suspended id: 2169749601
2013-11-05 21:19:40,914 - QQ - INFO - diet: 100
2013-11-05 21:19:56,420 - QQ - INFO - electronics: 95
2013-11-05 21:20:12,055 - QQ - INFO - vehicle: 92
2013-11-05 21:20:27,822 - QQ - INFO - contest: 100
2013-11-05 21:20:44,065 - QQ - INFO - lottery: 98
2013-11-05 21:21:00,180 - QQ - INFO - prize: 100
2013-11-05 21:21:16,690 - QQ - INFO - loans: 100
2013-11-05 21:21:32,315 - QQ - INFO - girl: 99
2013-11-05 21:21:47,908 - QQ - INFO - free: 97
2013-11-05 21:22:03,497 - QQ - INFO - porn: 97
2013-11-05 21:22:19,119 - QQ - INFO - dating: 99
2013-11-05 21:22:34,963 - QQ - INFO - clearance: 100
2013-11-05 21:22:50,663 - QQ - INFO - singles: 100
2013-11-05 21:23:06,335 - QQ - INFO - income: 99
2013-11-05 21:23:22,112 - QQ - INFO - boss: 99
2013-11-05 21:23:37,663 - QQ - INFO - earn: 99
2013-11-05 21:23:53,302 - QQ - INFO - extra: 100
2013-11-05 21:24:09,151 - QQ - INFO - cash: 100
2013-11-05 21:24:24,714 - QQ - INFO - business: 96
2013-11-05 21:24:40,786 - QQ - INFO - tax: 100
2013-11-05 21:24:56,357 - QQ - INFO - degree: 99
2013-11-05 21:25:12,089 - QQ - INFO - diploma: 99
